<?xml version="1.0" encoding="UTF-8"?>
<testng-results skipped="0" failed="0" total="1" passed="1">
  <reporter-output>
  </reporter-output>
  <suite name="Default suite" duration-ms="1991" started-at="2021-04-06T11:51:46Z" finished-at="2021-04-06T11:51:48Z">
    <groups>
    </groups>
    <test name="Default test" duration-ms="1991" started-at="2021-04-06T11:51:46Z" finished-at="2021-04-06T11:51:48Z">
      <class name="apiwithbdd.VerifycreatedBydynamicresponce">
        <test-method status="PASS" signature="verifycreatedBy()[pri:0, instance:apiwithbdd.VerifycreatedBydynamicresponce@7823a2f9]" name="verifycreatedBy" duration-ms="1976" started-at="2021-04-06T17:21:46Z" finished-at="2021-04-06T17:21:48Z">
          <reporter-output>
          </reporter-output>
        </test-method> <!-- verifycreatedBy -->
      </class> <!-- apiwithbdd.VerifycreatedBydynamicresponce -->
    </test> <!-- Default test -->
  </suite> <!-- Default suite -->
</testng-results>
